{"/home/mark_shkuro/frontend-project-lvl2/src/index.js": {"path":"/home/mark_shkuro/frontend-project-lvl2/src/index.js","statementMap":{"0":{"start":{"line":5,"column":20},"end":{"line":5,"column":92}},"1":{"start":{"line":5,"column":30},"end":{"line":5,"column":92}},"2":{"start":{"line":6,"column":17},"end":{"line":6,"column":92}},"3":{"start":{"line":6,"column":35},"end":{"line":6,"column":92}},"4":{"start":{"line":7,"column":18},"end":{"line":21,"column":1}},"5":{"start":{"line":8,"column":18},"end":{"line":8,"column":32}},"6":{"start":{"line":9,"column":18},"end":{"line":9,"column":32}},"7":{"start":{"line":10,"column":26},"end":{"line":10,"column":52}},"8":{"start":{"line":11,"column":17},"end":{"line":19,"column":8}},"9":{"start":{"line":12,"column":4},"end":{"line":17,"column":50}},"10":{"start":{"line":12,"column":81},"end":{"line":12,"column":120}},"11":{"start":{"line":13,"column":9},"end":{"line":17,"column":50}},"12":{"start":{"line":13,"column":35},"end":{"line":13,"column":74}},"13":{"start":{"line":14,"column":9},"end":{"line":17,"column":50}},"14":{"start":{"line":15,"column":6},"end":{"line":15,"column":45}},"15":{"start":{"line":16,"column":6},"end":{"line":16,"column":45}},"16":{"start":{"line":17,"column":11},"end":{"line":17,"column":50}},"17":{"start":{"line":18,"column":4},"end":{"line":18,"column":15}},"18":{"start":{"line":20,"column":2},"end":{"line":20,"column":27}},"19":{"start":{"line":23,"column":16},"end":{"line":23,"column":83}},"20":{"start":{"line":23,"column":34},"end":{"line":23,"column":83}}},"fnMap":{"0":{"name":"(anonymous_0)","decl":{"start":{"line":5,"column":20},"end":{"line":5,"column":21}},"loc":{"start":{"line":5,"column":30},"end":{"line":5,"column":92}},"line":5},"1":{"name":"(anonymous_1)","decl":{"start":{"line":6,"column":17},"end":{"line":6,"column":18}},"loc":{"start":{"line":6,"column":35},"end":{"line":6,"column":92}},"line":6},"2":{"name":"(anonymous_2)","decl":{"start":{"line":7,"column":18},"end":{"line":7,"column":19}},"loc":{"start":{"line":7,"column":36},"end":{"line":21,"column":1}},"line":7},"3":{"name":"(anonymous_3)","decl":{"start":{"line":11,"column":40},"end":{"line":11,"column":41}},"loc":{"start":{"line":11,"column":54},"end":{"line":19,"column":3}},"line":11},"4":{"name":"(anonymous_4)","decl":{"start":{"line":23,"column":16},"end":{"line":23,"column":17}},"loc":{"start":{"line":23,"column":34},"end":{"line":23,"column":83}},"line":23}},"branchMap":{"0":{"loc":{"start":{"line":12,"column":4},"end":{"line":17,"column":50}},"type":"if","locations":[{"start":{"line":12,"column":4},"end":{"line":17,"column":50}},{"start":{"line":13,"column":9},"end":{"line":17,"column":50}}],"line":12},"1":{"loc":{"start":{"line":12,"column":8},"end":{"line":12,"column":79}},"type":"binary-expr","locations":[{"start":{"line":12,"column":8},"end":{"line":12,"column":27}},{"start":{"line":12,"column":31},"end":{"line":12,"column":50}},{"start":{"line":12,"column":54},"end":{"line":12,"column":79}}],"line":12},"2":{"loc":{"start":{"line":13,"column":9},"end":{"line":17,"column":50}},"type":"if","locations":[{"start":{"line":13,"column":9},"end":{"line":17,"column":50}},{"start":{"line":14,"column":9},"end":{"line":17,"column":50}}],"line":13},"3":{"loc":{"start":{"line":14,"column":9},"end":{"line":17,"column":50}},"type":"if","locations":[{"start":{"line":14,"column":9},"end":{"line":17,"column":50}},{"start":{"line":17,"column":11},"end":{"line":17,"column":50}}],"line":14},"4":{"loc":{"start":{"line":14,"column":13},"end":{"line":14,"column":84}},"type":"binary-expr","locations":[{"start":{"line":14,"column":13},"end":{"line":14,"column":32}},{"start":{"line":14,"column":36},"end":{"line":14,"column":55}},{"start":{"line":14,"column":59},"end":{"line":14,"column":84}}],"line":14}},"s":{"0":1,"1":2,"2":1,"3":1,"4":1,"5":1,"6":1,"7":1,"8":1,"9":5,"10":1,"11":4,"12":2,"13":2,"14":1,"15":1,"16":1,"17":5,"18":1,"19":1,"20":1},"f":{"0":2,"1":1,"2":1,"3":5,"4":1},"b":{"0":[1,4],"1":[5,4,2],"2":[2,2],"3":[1,1],"4":[2,1,1]},"_coverageSchema":"1a1c01bbd47fc00a2c39e90264f33305004495a9","hash":"9309d4f5285b644490011ec47bb39705e9522461"}
}
