{"/home/mark_shkuro/frontend-project-lvl2/src/index.js": {"path":"/home/mark_shkuro/frontend-project-lvl2/src/index.js","statementMap":{"0":{"start":{"line":5,"column":20},"end":{"line":5,"column":92}},"1":{"start":{"line":5,"column":30},"end":{"line":5,"column":92}},"2":{"start":{"line":6,"column":17},"end":{"line":6,"column":92}},"3":{"start":{"line":6,"column":35},"end":{"line":6,"column":92}},"4":{"start":{"line":8,"column":18},"end":{"line":19,"column":1}},"5":{"start":{"line":9,"column":17},"end":{"line":17,"column":8}},"6":{"start":{"line":10,"column":4},"end":{"line":15,"column":48}},"7":{"start":{"line":10,"column":77},"end":{"line":10,"column":114}},"8":{"start":{"line":11,"column":9},"end":{"line":15,"column":48}},"9":{"start":{"line":11,"column":33},"end":{"line":11,"column":70}},"10":{"start":{"line":12,"column":9},"end":{"line":15,"column":48}},"11":{"start":{"line":13,"column":6},"end":{"line":13,"column":43}},"12":{"start":{"line":14,"column":6},"end":{"line":14,"column":43}},"13":{"start":{"line":15,"column":11},"end":{"line":15,"column":48}},"14":{"start":{"line":16,"column":4},"end":{"line":16,"column":15}},"15":{"start":{"line":18,"column":2},"end":{"line":18,"column":27}},"16":{"start":{"line":21,"column":18},"end":{"line":27,"column":1}},"17":{"start":{"line":22,"column":18},"end":{"line":22,"column":32}},"18":{"start":{"line":23,"column":18},"end":{"line":23,"column":32}},"19":{"start":{"line":24,"column":26},"end":{"line":24,"column":52}},"20":{"start":{"line":25,"column":17},"end":{"line":25,"column":61}},"21":{"start":{"line":26,"column":2},"end":{"line":26,"column":16}},"22":{"start":{"line":29,"column":16},"end":{"line":29,"column":83}},"23":{"start":{"line":29,"column":34},"end":{"line":29,"column":83}}},"fnMap":{"0":{"name":"(anonymous_0)","decl":{"start":{"line":5,"column":20},"end":{"line":5,"column":21}},"loc":{"start":{"line":5,"column":30},"end":{"line":5,"column":92}},"line":5},"1":{"name":"(anonymous_1)","decl":{"start":{"line":6,"column":17},"end":{"line":6,"column":18}},"loc":{"start":{"line":6,"column":35},"end":{"line":6,"column":92}},"line":6},"2":{"name":"(anonymous_2)","decl":{"start":{"line":8,"column":18},"end":{"line":8,"column":19}},"loc":{"start":{"line":8,"column":42},"end":{"line":19,"column":1}},"line":8},"3":{"name":"(anonymous_3)","decl":{"start":{"line":9,"column":29},"end":{"line":9,"column":30}},"loc":{"start":{"line":9,"column":43},"end":{"line":17,"column":3}},"line":9},"4":{"name":"(anonymous_4)","decl":{"start":{"line":21,"column":18},"end":{"line":21,"column":19}},"loc":{"start":{"line":21,"column":36},"end":{"line":27,"column":1}},"line":21},"5":{"name":"(anonymous_5)","decl":{"start":{"line":29,"column":16},"end":{"line":29,"column":17}},"loc":{"start":{"line":29,"column":34},"end":{"line":29,"column":83}},"line":29}},"branchMap":{"0":{"loc":{"start":{"line":10,"column":4},"end":{"line":15,"column":48}},"type":"if","locations":[{"start":{"line":10,"column":4},"end":{"line":15,"column":48}},{"start":{"line":11,"column":9},"end":{"line":15,"column":48}}],"line":10},"1":{"loc":{"start":{"line":10,"column":8},"end":{"line":10,"column":75}},"type":"binary-expr","locations":[{"start":{"line":10,"column":8},"end":{"line":10,"column":25}},{"start":{"line":10,"column":29},"end":{"line":10,"column":46}},{"start":{"line":10,"column":50},"end":{"line":10,"column":75}}],"line":10},"2":{"loc":{"start":{"line":11,"column":9},"end":{"line":15,"column":48}},"type":"if","locations":[{"start":{"line":11,"column":9},"end":{"line":15,"column":48}},{"start":{"line":12,"column":9},"end":{"line":15,"column":48}}],"line":11},"3":{"loc":{"start":{"line":12,"column":9},"end":{"line":15,"column":48}},"type":"if","locations":[{"start":{"line":12,"column":9},"end":{"line":15,"column":48}},{"start":{"line":15,"column":11},"end":{"line":15,"column":48}}],"line":12},"4":{"loc":{"start":{"line":12,"column":13},"end":{"line":12,"column":80}},"type":"binary-expr","locations":[{"start":{"line":12,"column":13},"end":{"line":12,"column":30}},{"start":{"line":12,"column":34},"end":{"line":12,"column":51}},{"start":{"line":12,"column":55},"end":{"line":12,"column":80}}],"line":12}},"s":{"0":1,"1":2,"2":1,"3":1,"4":1,"5":1,"6":5,"7":1,"8":4,"9":2,"10":2,"11":1,"12":1,"13":1,"14":5,"15":1,"16":1,"17":1,"18":1,"19":1,"20":1,"21":1,"22":1,"23":1},"f":{"0":2,"1":1,"2":1,"3":5,"4":1,"5":1},"b":{"0":[1,4],"1":[5,4,2],"2":[2,2],"3":[1,1],"4":[2,1,1]},"_coverageSchema":"1a1c01bbd47fc00a2c39e90264f33305004495a9","hash":"ff9b80767f177cb9f6e9cef76ca635a1fe97c51e"}
}
