TN:
SF:src/index.js
FN:5,(anonymous_0)
FN:6,(anonymous_1)
FN:7,(anonymous_2)
FN:11,(anonymous_3)
FN:23,(anonymous_4)
FNF:5
FNH:5
FNDA:2,(anonymous_0)
FNDA:1,(anonymous_1)
FNDA:1,(anonymous_2)
FNDA:5,(anonymous_3)
FNDA:1,(anonymous_4)
DA:5,2
DA:6,1
DA:7,1
DA:8,1
DA:9,1
DA:10,1
DA:11,1
DA:12,5
DA:13,4
DA:14,2
DA:15,1
DA:16,1
DA:17,1
DA:18,5
DA:20,1
DA:23,1
LF:16
LH:16
BRDA:12,0,0,1
BRDA:12,0,1,4
BRDA:12,1,0,5
BRDA:12,1,1,4
BRDA:12,1,2,2
BRDA:13,2,0,2
BRDA:13,2,1,2
BRDA:14,3,0,1
BRDA:14,3,1,1
BRDA:14,4,0,2
BRDA:14,4,1,1
BRDA:14,4,2,1
BRF:12
BRH:12
end_of_record
