TN:
SF:src/index.js
FN:5,(anonymous_0)
FN:6,(anonymous_1)
FN:8,(anonymous_2)
FN:9,(anonymous_3)
FN:21,(anonymous_4)
FN:29,(anonymous_5)
FNF:6
FNH:6
FNDA:2,(anonymous_0)
FNDA:1,(anonymous_1)
FNDA:1,(anonymous_2)
FNDA:5,(anonymous_3)
FNDA:1,(anonymous_4)
FNDA:1,(anonymous_5)
DA:5,2
DA:6,1
DA:8,1
DA:9,1
DA:10,5
DA:11,4
DA:12,2
DA:13,1
DA:14,1
DA:15,1
DA:16,5
DA:18,1
DA:21,1
DA:22,1
DA:23,1
DA:24,1
DA:25,1
DA:26,1
DA:29,1
LF:19
LH:19
BRDA:10,0,0,1
BRDA:10,0,1,4
BRDA:10,1,0,5
BRDA:10,1,1,4
BRDA:10,1,2,2
BRDA:11,2,0,2
BRDA:11,2,1,2
BRDA:12,3,0,1
BRDA:12,3,1,1
BRDA:12,4,0,2
BRDA:12,4,1,1
BRDA:12,4,2,1
BRF:12
BRH:12
end_of_record
